   Compiling han-cihui v0.1.0 (/Users/jannes/Projects/han-cihui)
warning: unused variable: `word_list`
  --> src/tui/draw.rs:96:45
   |
96 |             WordListState::OpenedWordList { word_list } => todo!(),
   |                                             ^^^^^^^^^ help: try ignoring the field: `word_list: _`
   |
   = note: `#[warn(unused_variables)]` on by default

warning: unused variable: `db`
  --> src/tui/events/word_list.rs:13:5
   |
13 |     db: Arc<Mutex<Connection>>,
   |     ^^ help: if this is intentional, prefix it with an underscore: `_db`

warning: unused variable: `key_event`
  --> src/tui/events/word_list.rs:44:5
   |
44 |     key_event: KeyEvent,
   |     ^^^^^^^^^ help: if this is intentional, prefix it with an underscore: `_key_event`

warning: unused variable: `state`
  --> src/tui/events/word_list.rs:45:5
   |
45 |     state: WordListState,
   |     ^^^^^ help: if this is intentional, prefix it with an underscore: `_state`

warning: unused variable: `db`
  --> src/tui/events/word_list.rs:46:5
   |
46 |     db: Arc<Mutex<Connection>>,
   |     ^^ help: if this is intentional, prefix it with an underscore: `_db`

warning: function is never used: `db_words_select_by_status`
   --> src/db/vocab.rs:123:8
    |
123 | pub fn db_words_select_by_status(
    |        ^^^^^^^^^^^^^^^^^^^^^^^^^
    |
    = note: `#[warn(dead_code)]` on by default

warning: constant is never used: `SELECT_WORD_LIST_QUERY`
  --> src/db/word_lists.rs:21:1
   |
21 | / const SELECT_WORD_LIST_QUERY: &str = "
22 | | SELECT (word_list_json)
23 | | FROM word_lists WHERE id = ?1";
   | |_______________________________^

warning: function is never used: `db_wlist_select_by_id`
  --> src/db/word_lists.rs:73:8
   |
73 | pub fn db_wlist_select_by_id(
   |        ^^^^^^^^^^^^^^^^^^^^^

warning: associated function is never used: `get_numbered_title`
  --> src/ebook.rs:32:12
   |
32 |     pub fn get_numbered_title(&self) -> String {
   |            ^^^^^^^^^^^^^^^^^^

warning: variant is never constructed: `Length`
   --> src/tui/state/books.rs:276:5
    |
276 |     Length,
    |     ^^^^^^

warning: variant is never constructed: `OpenedWordList`
  --> src/tui/state/word_list.rs:16:5
   |
16 | /     OpenedWordList {
17 | |         word_list: WordList,
18 | |     },
   | |_____^

warning: associated function is never used: `tag`
  --> src/word_lists.rs:43:12
   |
43 |     pub fn tag(&mut self, category: Category) {
   |            ^^^

warning: associated function is never used: `reset`
  --> src/word_lists.rs:47:12
   |
47 |     pub fn reset(&mut self) {
   |            ^^^^^

warning: `han-cihui` (bin "han-cihui") generated 13 warnings
    Finished dev [unoptimized + debuginfo] target(s) in 6.64s
     Running `target/debug/han-cihui`
